Connected!
2025-03-23T18:35:57  Welcome, you are now connected to log-streaming service.Starting Log Tail -n 10 of existing logs ----/home/LogFiles/__lastCheckTime.txt  (https://comfyui-workflow-f9gkh0gveshsh6ed.scm.eastus2-01.azurewebsites.net/api/vfs/LogFiles/__lastCheckTime.txt)03/23/2025 18:35:27/home/LogFiles/kudu/trace/4550e999c2a1-bad86394-f752-4408-a93b-fc214e633046.txt  (https://comfyui-workflow-f9gkh0gveshsh6ed.scm.eastus2-01.azurewebsites.net/api/vfs/LogFiles/kudu/trace/4550e999c2a1-bad86394-f752-4408-a93b-fc214e633046.txt)
2025-03-23T18:35:57  Startup Request, url: /api/logstream/, method: GET, type: request, pid: 822,1,15, ScmType: GitHubAction/home/LogFiles/kudu/trace/92f0c8d5f523-11341daf-cf05-4d5b-988d-cdaa3ed097ad.txt  (https://comfyui-workflow-f9gkh0gveshsh6ed.scm.eastus2-01.azurewebsites.net/api/vfs/LogFiles/kudu/trace/92f0c8d5f523-11341daf-cf05-4d5b-988d-cdaa3ed097ad.txt)
2025-03-23T13:40:45    Outgoing response, type: response, statusCode: 404, statusText: NotFound/home/LogFiles/kudu/trace/92f0c8d5f523-b4ca5669-ab58-4b42-bd63-83fead01c56f.txt  (https://comfyui-workflow-f9gkh0gveshsh6ed.scm.eastus2-01.azurewebsites.net/api/vfs/LogFiles/kudu/trace/92f0c8d5f523-b4ca5669-ab58-4b42-bd63-83fead01c56f.txt)
2025-03-23T13:32:23  Startup Request, url: /api/deployments/latest?deployer=OneDeploy&time=2025-03-23_13-26-43Z, method: GET, type: request, pid: 823,1,15, ScmType: GitHubAction/home/LogFiles/kudu/trace/comfyui-wo-kudu-447e8478-7122df0f-2b7f-43d5-b78d-d89db892bc5a.txt  (https://comfyui-workflow-f9gkh0gveshsh6ed.scm.eastus2-01.azurewebsites.net/api/vfs/LogFiles/kudu/trace/comfyui-wo-kudu-447e8478-7122df0f-2b7f-43d5-b78d-d89db892bc5a.txt)
2025-03-22T06:45:59  Startup Request, url: /api/deployments/?$orderby=ReceivedTime%20desc&$top=20&api-version=2022-03-01, method: GET, type: request, pid: 823,1,3, ScmType: GitHubAction/home/LogFiles/kudu/trace/comfyui-wo-kudu-68e30c7a-1a752f2b-3aa7-414f-9da9-57d688c6beb3.txt  (https://comfyui-workflow-f9gkh0gveshsh6ed.scm.eastus2-01.azurewebsites.net/api/vfs/LogFiles/kudu/trace/comfyui-wo-kudu-68e30c7a-1a752f2b-3aa7-414f-9da9-57d688c6beb3.txt)
2025-03-23T07:11:59  Startup Request, url: /api/settings, method: GET, type: request, pid: 823,1,5, ScmType: GitHubAction/home/LogFiles/kudu/trace/comfyui-wo-kudu-69939183-1742d044-eb96-4e62-973d-863d29e793a8.txt  (https://comfyui-workflow-f9gkh0gveshsh6ed.scm.eastus2-01.azurewebsites.net/api/vfs/LogFiles/kudu/trace/comfyui-wo-kudu-69939183-1742d044-eb96-4e62-973d-863d29e793a8.txt)
2025-03-23T07:44:23  Startup Request, url: /detectors, method: GET, type: request, pid: 825,1,5, ScmType: GitHubAction/home/LogFiles/kudu/trace/comfyui-wo-kudu-a7c39352-887726d6-143a-471b-980b-3faa363b63bc.txt  (https://comfyui-workflow-f9gkh0gveshsh6ed.scm.eastus2-01.azurewebsites.net/api/vfs/LogFiles/kudu/trace/comfyui-wo-kudu-a7c39352-887726d6-143a-471b-980b-3faa363b63bc.txt)
2025-03-22T06:39:48    Outgoing response, type: response, statusCode: 409, statusText: Conflict/home/LogFiles/kudu/trace/comfyui-wo-kudu-a7c39352-98eb7cdd-6b99-4a05-8273-779a5c2e338c.txt  (https://comfyui-workflow-f9gkh0gveshsh6ed.scm.eastus2-01.azurewebsites.net/api/vfs/LogFiles/kudu/trace/comfyui-wo-kudu-a7c39352-98eb7cdd-6b99-4a05-8273-779a5c2e338c.txt)
2025-03-22T06:39:22    Outgoing response, type: response, statusCode: 409, statusText: Conflict/home/LogFiles/kudu/trace/comfyui-wo-kudu-a7c39352-b7beb361-5986-46a6-ae34-832e17dab92b.txt  (https://comfyui-workflow-f9gkh0gveshsh6ed.scm.eastus2-01.azurewebsites.net/api/vfs/LogFiles/kudu/trace/comfyui-wo-kudu-a7c39352-b7beb361-5986-46a6-ae34-832e17dab92b.txt)
2025-03-22T06:34:40  Startup Request, url: /api/deployments/?$orderby=ReceivedTime%20desc&$top=20&api-version=2022-03-01, method: GET, type: request, pid: 822,1,7, ScmType: GitHubAction/home/LogFiles/kudu/trace/comfyui-wo-kudu-a7c39352-b8d8a271-5403-4c42-9a2c-19e9f5af9072.txt  (https://comfyui-workflow-f9gkh0gveshsh6ed.scm.eastus2-01.azurewebsites.net/api/vfs/LogFiles/kudu/trace/comfyui-wo-kudu-a7c39352-b8d8a271-5403-4c42-9a2c-19e9f5af9072.txt)
2025-03-22T06:40:21    Outgoing response, type: response, statusCode: 409, statusText: Conflict/home/LogFiles/kudu/trace/comfyui-wo-kudu-a7c39352-e46cc1d3-03aa-4fde-bb8d-4105a6d89b13.txt  (https://comfyui-workflow-f9gkh0gveshsh6ed.scm.eastus2-01.azurewebsites.net/api/vfs/LogFiles/kudu/trace/comfyui-wo-kudu-a7c39352-e46cc1d3-03aa-4fde-bb8d-4105a6d89b13.txt)
2025-03-22T06:39:17    Outgoing response, type: response, statusCode: 409, statusText: Conflict/home/LogFiles/kudu/trace/comfyui-wo-kudu-a7c39352-ed7f2a48-d4b7-4f9d-a290-aec2e842551f.txt  (https://comfyui-workflow-f9gkh0gveshsh6ed.scm.eastus2-01.azurewebsites.net/api/vfs/LogFiles/kudu/trace/comfyui-wo-kudu-a7c39352-ed7f2a48-d4b7-4f9d-a290-aec2e842551f.txt)
2025-03-22T06:39:31    Outgoing response, type: response, statusCode: 409, statusText: Conflict/home/LogFiles/kudu/trace/comfyui-wo-kudu-b03f25fc-ad5d63c2-759b-4235-8617-ee524e645782.txt  (https://comfyui-workflow-f9gkh0gveshsh6ed.scm.eastus2-01.azurewebsites.net/api/vfs/LogFiles/kudu/trace/comfyui-wo-kudu-b03f25fc-ad5d63c2-759b-4235-8617-ee524e645782.txt)
2025-03-23T13:26:26  Startup Request, url: /api/settings, method: GET, type: request, pid: 823,1,5, ScmType: GitHubAction/home/LogFiles/kudu/trace/comfyui-wo-kudu-b03f25fc-bfcbb93e-4992-4a8f-bc76-566e4df428da.txt  (https://comfyui-workflow-f9gkh0gveshsh6ed.scm.eastus2-01.azurewebsites.net/api/vfs/LogFiles/kudu/trace/comfyui-wo-kudu-b03f25fc-bfcbb93e-4992-4a8f-bc76-566e4df428da.txt)
2025-03-23T13:27:36    Outgoing response, type: response, statusCode: 404, statusText: NotFound/home/LogFiles/2025_03_22_lw0sdlwk0000SV_docker.log  (https://comfyui-workflow-f9gkh0gveshsh6ed.scm.eastus2-01.azurewebsites.net/api/vfs/LogFiles/2025_03_22_lw0sdlwk0000SV_docker.log)
2025-03-22T07:34:47.9747577Z Container start method finished after 6132 ms.
2025-03-22T07:35:33.2195942Z Site startup probe succeeded after 45.1292027 seconds.
2025-03-22T07:35:33.2763894Z Site started.
2025-03-22T07:35:33.3295015Z Site is running with deployment version: e53d6e45-b952-434d-8a1e-615c868e0977
2025-03-22T07:35:53.5018518Z Container is terminating. Grace period: 5 seconds.
2025-03-22T07:35:53.5709094Z Stop and delete container. Retry count = 0
2025-03-22T07:35:53.5794417Z Stopping container: f0c54f9e_comfyui-workflow.
2025-03-22T07:35:53.9412581Z Deleting container: f0c54f9e_comfyui-workflow. Retry count = 0
2025-03-22T07:35:54.4420187Z Container spec TerminationMessagePolicy  path
2025-03-22T07:35:54.4506019Z Container is terminated. Total time elapsed: 932 ms./home/LogFiles/2025_03_23_lw0sdlwk0000SV_default_docker.log  (https://comfyui-workflow-f9gkh0gveshsh6ed.scm.eastus2-01.azurewebsites.net/api/vfs/LogFiles/2025_03_23_lw0sdlwk0000SV_default_docker.log)
2025-03-23T18:11:28.255317212Z     }
2025-03-23T18:11:28.255320412Z   }
2025-03-23T18:11:28.255323512Z }
2025-03-23T18:11:28.283133115Z npm http fetch GET 200 https://registry.npmjs.org/npm 1190ms
2025-03-23T18:11:28.329796189Z npm notice
2025-03-23T18:11:28.329822689Z npm notice New major version of npm available! 10.8.2 -> 11.2.0
2025-03-23T18:11:28.329828689Z npm notice Changelog: https://github.com/npm/cli/releases/tag/v11.2.0
2025-03-23T18:11:28.329832589Z npm notice To update run: npm install -g npm@11.2.0
2025-03-23T18:11:28.329836089Z npm notice/home/LogFiles/2025_03_23_lw0sdlwk0000SV_docker.log  (https://comfyui-workflow-f9gkh0gveshsh6ed.scm.eastus2-01.azurewebsites.net/api/vfs/LogFiles/2025_03_23_lw0sdlwk0000SV_docker.log)
2025-03-23T18:11:20.434Z INFO  - Waiting for response to warmup request for container comfyui-workflow_1_d9325eeb. Elapsed time = 66.9100577 sec
2025-03-23T18:11:28.940Z ERROR - Container comfyui-workflow_1_d9325eeb for site comfyui-workflow has exited, failing site start
2025-03-23T18:11:28.970Z ERROR - Container comfyui-workflow_1_d9325eeb didn't respond to HTTP pings on port: 8080, failing site start. See container logs for debugging.
2025-03-23T18:11:29.027Z INFO  - Stopping site comfyui-workflow because it failed during startup.
2025-03-23T18:35:28.362Z INFO  - Starting container for site
2025-03-23T18:35:28.364Z INFO  - docker run -d --expose=8080 --name comfyui-workflow_1_b398532c -e WEBSITE_USE_DIAGNOSTIC_SERVER=true -e WEBSITE_SITE_NAME=ComfyUI-workflow -e WEBSITE_AUTH_ENABLED=False -e PORT=8080 -e WEBSITE_ROLE_INSTANCE_ID=0 -e WEBSITE_HOSTNAME=comfyui-workflow-f9gkh0gveshsh6ed.eastus2-01.azurewebsites.net -e WEBSITE_INSTANCE_ID=dde5c56be0feb606c9726894eeaae8bfec235a4ac8e67bd07775d04483672b60 -e NODE_OPTIONS=--require /agents/nodejs/build/src/Loader.js appsvc/node:20-lts_20250213.3.tuxprod
2025-03-23T18:35:28.365Z INFO  - Logging is not enabled for this container.Please use https://aka.ms/linux-diagnostics to enable logging to see container logs here.
2025-03-23T18:35:31.962Z INFO  - Initiating warmup request to container comfyui-workflow_1_b398532c for site comfyui-workflow
2025-03-23T18:35:51.224Z INFO  - Waiting for response to warmup request for container comfyui-workflow_1_b398532c. Elapsed time = 19.2640651 secEnding Log Tail of existing logs ---Starting Live Log Stream ---
2025-03-23T18:35:30.930773749Z    _____
2025-03-23T18:35:30.930847449Z   /  _  \ __________ _________   ____
2025-03-23T18:35:30.930853949Z  /  /_\  \\___   /  |  \_  __ \_/ __ \
2025-03-23T18:35:30.930857649Z /    |    \/    /|  |  /|  | \/\  ___/
2025-03-23T18:35:30.930860849Z \____|__  /_____ \____/ |__|    \___  >
2025-03-23T18:35:30.930864349Z         \/      \/                  \/
2025-03-23T18:35:30.930867549Z A P P   S E R V I C E   O N   L I N U X
2025-03-23T18:35:30.930870749Z
2025-03-23T18:35:30.930873649Z Documentation: http://aka.ms/webapp-linux
2025-03-23T18:35:30.930876749Z NodeJS quickstart: https://aka.ms/node-qs
2025-03-23T18:35:30.930879749Z NodeJS Version : v20.18.1
2025-03-23T18:35:30.930882849Z Note: Any data outside '/home' is not persisted
2025-03-23T18:35:30.930885949Z
2025-03-23T18:35:35.745375893Z Starting OpenBSD Secure Shell server: sshd.
2025-03-23T18:35:35.774439448Z WEBSITES_INCLUDE_CLOUD_CERTS is not set to true.
2025-03-23T18:35:35.823439209Z Updating certificates in /etc/ssl/certs...
2025-03-23T18:35:49.836173987Z rehash: warning: skipping ca-certificates.crt,it does not contain exactly one certificate or CRL
2025-03-23T18:35:49.982131753Z 2 added, 0 removed; done.
2025-03-23T18:35:49.990402496Z Running hooks in /etc/ca-certificates/update.d...
2025-03-23T18:35:50.000782451Z done.
2025-03-23T18:35:50.049057604Z CA certificates copied and updated successfully.
2025-03-23T18:35:50.864235481Z Starting periodic command scheduler: cron.
2025-03-23T18:35:51.099799317Z Could not find build manifest file at '/home/site/wwwroot/oryx-manifest.toml'
2025-03-23T18:35:51.107034355Z Could not find operation ID in manifest. Generating an operation id...
2025-03-23T18:35:51.108080460Z Build Operation ID: e710ed84-15bf-47f9-9315-137356ef4c6e
2025-03-23T18:35:52.246633934Z Environment Variables for Application Insight's IPA Codeless Configuration exists..
2025-03-23T18:35:52.267146442Z Writing output script to '/opt/startup/startup.sh'
2025-03-23T18:35:52.326021251Z Running #!/bin/sh
2025-03-23T18:35:52.326079751Z
2025-03-23T18:35:52.326084451Z # Enter the source directory to make sure the script runs where the user expects
2025-03-23T18:35:52.326088351Z cd "/home/site/wwwroot"
2025-03-23T18:35:52.326091551Z
2025-03-23T18:35:52.326094551Z export NODE_PATH=/usr/local/lib/node_modules:$NODE_PATH
2025-03-23T18:35:52.326097751Z if [ -z "$PORT" ]; then
2025-03-23T18:35:52.326101151Z 		export PORT=8080
2025-03-23T18:35:52.326104851Z fi
2025-03-23T18:35:52.326107951Z
2025-03-23T18:35:52.344667149Z npm start
2025-03-23T18:36:07.046041268Z npm info using npm@10.8.2
2025-03-23T18:36:07.047934576Z npm info using node@v20.18.1
2025-03-23T18:36:11.518908760Z
2025-03-23T18:36:11.518947160Z > comfyui-workflow-ux@1.0.0 start
2025-03-23T18:36:11.518951760Z > node dist/server/index.js
2025-03-23T18:36:11.518955760Z
2025-03-23T18:36:14.635230186Z node:internal/modules/cjs/loader:1228
2025-03-23T18:36:14.635272386Z   throw err;
2025-03-23T18:36:14.635277286Z   ^
2025-03-23T18:36:14.635280686Z
2025-03-23T18:36:14.635284086Z Error: Cannot find module '/home/site/wwwroot/dist/server/index.js'
2025-03-23T18:36:14.635287886Z     at Module._resolveFilename (node:internal/modules/cjs/loader:1225:15)
2025-03-23T18:36:14.635291686Z     at Module._load (node:internal/modules/cjs/loader:1051:27)
2025-03-23T18:36:14.635295186Z     at Function.executeUserEntryPoint [as runMain] (node:internal/modules/run_main:173:12)
2025-03-23T18:36:14.635299086Z     at node:internal/main/run_main_module:28:49 {
2025-03-23T18:36:14.635302486Z   code: 'MODULE_NOT_FOUND',
2025-03-23T18:36:14.635305986Z   requireStack: []
2025-03-23T18:36:14.635309186Z }
2025-03-23T18:36:14.635312586Z
2025-03-23T18:36:14.635315686Z Node.js v20.18.1
2025-03-23T18:36:14.674205051Z npm http fetch GET 200 https://registry.npmjs.org/npm 945ms
2025-03-23T18:36:14.726219672Z npm notice
2025-03-23T18:36:14.726250772Z npm notice New major version of npm available! 10.8.2 -> 11.2.0
2025-03-23T18:36:14.726255972Z npm notice Changelog: https://github.com/npm/cli/releases/tag/v11.2.0
2025-03-23T18:36:14.726259672Z npm notice To update run: npm install -g npm@11.2.0
2025-03-23T18:36:14.726262972Z npm notice
2025-03-23T18:35:28.362Z INFO  - Starting container for site
2025-03-23T18:35:28.364Z INFO  - docker run -d --expose=8080 --name comfyui-workflow_1_b398532c -e WEBSITE_USE_DIAGNOSTIC_SERVER=true -e WEBSITE_SITE_NAME=ComfyUI-workflow -e WEBSITE_AUTH_ENABLED=False -e PORT=8080 -e WEBSITE_ROLE_INSTANCE_ID=0 -e WEBSITE_HOSTNAME=comfyui-workflow-f9gkh0gveshsh6ed.eastus2-01.azurewebsites.net -e WEBSITE_INSTANCE_ID=dde5c56be0feb606c9726894eeaae8bfec235a4ac8e67bd07775d04483672b60 -e NODE_OPTIONS=--require /agents/nodejs/build/src/Loader.js appsvc/node:20-lts_20250213.3.tuxprod
2025-03-23T18:35:28.365Z INFO  - Logging is not enabled for this container.Please use https://aka.ms/linux-diagnostics to enable logging to see container logs here.
2025-03-23T18:35:31.962Z INFO  - Initiating warmup request to container comfyui-workflow_1_b398532c for site comfyui-workflow
2025-03-23T18:35:51.224Z INFO  - Waiting for response to warmup request for container comfyui-workflow_1_b398532c. Elapsed time = 19.2640651 sec
2025-03-23T18:36:09.813Z INFO  - Waiting for response to warmup request for container comfyui-workflow_1_b398532c. Elapsed time = 37.8528692 sec
2025-03-23T18:36:15.604Z ERROR - Container comfyui-workflow_1_b398532c for site comfyui-workflow has exited, failing site start
2025-03-23T18:36:15.652Z ERROR - Container comfyui-workflow_1_b398532c didn't respond to HTTP pings on port: 8080, failing site start. See container logs for debugging.
2025-03-23T18:36:15.738Z INFO  - Stopping site comfyui-workflow because it failed during startup.